<?xml version="1.0" encoding="UTF-8"?>
<testng-results skipped="0" failed="0" ignored="0" total="2" passed="2">
  <reporter-output>
  </reporter-output>
  <suite name="Sanity Suite" duration-ms="25365" started-at="2023-05-16T09:49:00 IST" finished-at="2023-05-16T09:49:25 IST">
    <groups>
    </groups>
    <test name="Google Test" duration-ms="18190" started-at="2023-05-16T09:49:00 IST" finished-at="2023-05-16T09:49:18 IST">
      <class name="a1_googleTest.A1_GoogleTest">
        <test-method status="PASS" signature="validateGoogle()[pri:0, instance:a1_googleTest.A1_GoogleTest@69b0fd6f]" name="validateGoogle" duration-ms="18056" started-at="2023-05-16T09:49:00 IST" finished-at="2023-05-16T09:49:18 IST">
          <reporter-output>
          </reporter-output>
        </test-method> <!-- validateGoogle -->
      </class> <!-- a1_googleTest.A1_GoogleTest -->
    </test> <!-- Google Test -->
    <test name="Bing Test" duration-ms="7156" started-at="2023-05-16T09:49:18 IST" finished-at="2023-05-16T09:49:25 IST">
      <class name="a2_bingTest.A1_BingTest">
        <test-method status="PASS" signature="validateGoogle()[pri:0, instance:a2_bingTest.A1_BingTest@77846d2c]" name="validateGoogle" duration-ms="7152" started-at="2023-05-16T09:49:18 IST" finished-at="2023-05-16T09:49:25 IST">
          <reporter-output>
          </reporter-output>
        </test-method> <!-- validateGoogle -->
      </class> <!-- a2_bingTest.A1_BingTest -->
    </test> <!-- Bing Test -->
  </suite> <!-- Sanity Suite -->
</testng-results>
